Vivado Simulator 2017.4
Copyright 1986-1999, 2001-2016 Xilinx, Inc. All Rights Reserved.
Running: C:/Xilinx/Vivado/2017.4/bin/unwrapped/win64.o/xelab.exe -wto 54bfd1901e08409fa20876b350ea7eb1 --incr --debug typical --relax --mt 2 -L xil_defaultlib -L unisims_ver -L unimacro_ver -L secureip --snapshot L_CPU_tester2_behav xil_defaultlib.L_CPU_tester2 xil_defaultlib.glbl -log elaborate.log 
Using 2 slave threads.
Starting static elaboration
Completed static elaboration
Starting simulation data flow analysis
Completed simulation data flow analysis
Time Resolution for simulation is 1ps
Compiling package std.standard
Compiling package std.textio
Compiling package ieee.std_logic_1164
Compiling package synopsys.attributes
Compiling package ieee.std_logic_misc
Compiling package ieee.std_logic_arith
Compiling package ieee.std_logic_unsigned
Compiling package ieee.numeric_std
Compiling architecture beh of entity xil_defaultlib.Mem [\Mem(bitwidth=8)\]
Compiling architecture beh of entity xil_defaultlib.L_CPU [l_cpu_default]
Compiling module xil_defaultlib.L_CPU_tester2
Compiling module xil_defaultlib.glbl
Built simulation snapshot L_CPU_tester2_behav
