Vivado Simulator 2017.4
Time resolution is 1 ps
@20 Inserted data  17 into register   0
@30 Inserted data  74 into register   1
@40 Inserted data  18 into register   2
@50 Inserted data  33 into register   3
@60 Inserted data 163 into register   4
@70 Inserted data  40 into register   5
Reading result from cell           6
Result value is         107
Addition testing completed successfully
@380 Inserted data  17 into register   0
@390 Inserted data   3 into register   1
@400 Inserted data  18 into register   2
@410 Inserted data  25 into register   3
@420 Inserted data 163 into register   4
@430 Inserted data  40 into register   5
Reading result from cell           6
Result value is          28
Addition testing completed successfully
@740 Inserted data  17 into register   0
@750 Inserted data  68 into register   1
@760 Inserted data  18 into register   2
@770 Inserted data 100 into register   3
@780 Inserted data 163 into register   4
@790 Inserted data  40 into register   5
