#-----------------------------------------------------------
# Vivado v2017.4 (64-bit)
# SW Build 2086221 on Fri Dec 15 20:55:39 MST 2017
# IP Build 2085800 on Fri Dec 15 22:25:07 MST 2017
# Start of session at: Wed May 16 13:13:35 2018
# Process ID: 120812
# Current directory: c:/Users/LempsPC/L_CPU_project/L-CPU-final
# Command line: vivado.exe -gui_launcher_event rodinguilauncherevent120552 C:\Users\LempsPC\L_CPU_project\L-CPU-final\L-CPU.xpr
# Log file: c:/Users/LempsPC/L_CPU_project/L-CPU-final/vivado.log
# Journal file: c:/Users/LempsPC/L_CPU_project/L-CPU-final\vivado.jou
#-----------------------------------------------------------
start_gui
open_project C:/Users/LempsPC/L_CPU_project/L-CPU-final/L-CPU.xpr
INFO: [Project 1-313] Project file moved from 'C:/Users/Lemps/L_CPU_project/L-CPU-final' since last save.
Scanning sources...
Finished scanning sources
INFO: [IP_Flow 19-234] Refreshing IP repositories
INFO: [IP_Flow 19-1704] No user IP repositories specified
INFO: [IP_Flow 19-2313] Loaded Vivado IP repository 'C:/Xilinx/Vivado/2017.4/data/ip'.
update_compile_order -fileset sources_1
launch_simulation
INFO: [Vivado 12-5682] Launching behavioral simulation in 'C:/Users/LempsPC/L_CPU_project/L-CPU-final/L-CPU.sim/sim_1/behav/xsim'
INFO: [SIM-utils-51] Simulation object is 'sim_1'
INFO: [SIM-utils-54] Inspecting design source files for 'L_CPU_tester2' in fileset 'sim_1'...
INFO: [USF-XSim-97] Finding global include files...
INFO: [USF-XSim-98] Fetching design files from 'sim_1'...
INFO: [USF-XSim-2] XSim::Compile design
INFO: [USF-XSim-61] Executing 'COMPILE and ANALYZE' step in 'C:/Users/LempsPC/L_CPU_project/L-CPU-final/L-CPU.sim/sim_1/behav/xsim'
"xvlog --incr --relax -L xil_defaultlib -prj L_CPU_tester2_vlog.prj"
INFO: [VRFC 10-2263] Analyzing SystemVerilog file "C:/Users/LempsPC/L_CPU_project/L-CPU-final/L-CPU.srcs/sim_1/new/L_CPU_tester2.sv" into library xil_defaultlib
INFO: [VRFC 10-311] analyzing module L_CPU_tester2
INFO: [VRFC 10-2263] Analyzing Verilog file "C:/Users/LempsPC/L_CPU_project/L-CPU-final/L-CPU.sim/sim_1/behav/xsim/glbl.v" into library xil_defaultlib
INFO: [VRFC 10-311] analyzing module glbl
"xvhdl --incr --relax -prj L_CPU_tester2_vhdl.prj"
INFO: [VRFC 10-163] Analyzing VHDL file "C:/Users/LempsPC/L_CPU_project/L-CPU-final/L-CPU.srcs/sources_1/new/L_CPU_beh.vhd" into library xil_defaultlib
INFO: [VRFC 10-307] analyzing entity L_CPU
INFO: [VRFC 10-163] Analyzing VHDL file "C:/Users/LempsPC/L_CPU_project/L-CPU-final/L-CPU.srcs/sources_1/new/Mem.vhd" into library xil_defaultlib
INFO: [VRFC 10-307] analyzing entity Mem
INFO: [USF-XSim-69] 'compile' step finished in '2' seconds
INFO: [USF-XSim-3] XSim::Elaborate design
INFO: [USF-XSim-61] Executing 'ELABORATE' step in 'C:/Users/LempsPC/L_CPU_project/L-CPU-final/L-CPU.sim/sim_1/behav/xsim'
Vivado Simulator 2017.4
Copyright 1986-1999, 2001-2016 Xilinx, Inc. All Rights Reserved.
Running: C:/Xilinx/Vivado/2017.4/bin/unwrapped/win64.o/xelab.exe -wto 54bfd1901e08409fa20876b350ea7eb1 --incr --debug typical --relax --mt 2 -L xil_defaultlib -L unisims_ver -L unimacro_ver -L secureip --snapshot L_CPU_tester2_behav xil_defaultlib.L_CPU_tester2 xil_defaultlib.glbl -log elaborate.log 
Using 2 slave threads.
Starting static elaboration
Completed static elaboration
Starting simulation data flow analysis
Completed simulation data flow analysis
Time Resolution for simulation is 1ps
Compiling package std.standard
Compiling package std.textio
Compiling package ieee.std_logic_1164
Compiling package synopsys.attributes
Compiling package ieee.std_logic_misc
Compiling package ieee.std_logic_arith
Compiling package ieee.std_logic_unsigned
Compiling package ieee.numeric_std
Compiling architecture beh of entity xil_defaultlib.Mem [\Mem(bitwidth=8)\]
Compiling architecture beh of entity xil_defaultlib.L_CPU [l_cpu_default]
Compiling module xil_defaultlib.L_CPU_tester2
Compiling module xil_defaultlib.glbl
Built simulation snapshot L_CPU_tester2_behav
INFO: [USF-XSim-69] 'elaborate' step finished in '4' seconds
INFO: [USF-XSim-4] XSim::Simulate design
INFO: [USF-XSim-61] Executing 'SIMULATE' step in 'C:/Users/LempsPC/L_CPU_project/L-CPU-final/L-CPU.sim/sim_1/behav/xsim'
INFO: [USF-XSim-98] *** Running xsim
   with args "L_CPU_tester2_behav -key {Behavioral:sim_1:Functional:L_CPU_tester2} -tclbatch {L_CPU_tester2.tcl} -view {C:/Users/LempsPC/L_CPU_project/L-CPU-final/L_CPU_tester1_behav.wcfg} -log {simulate.log}"
INFO: [USF-XSim-8] Loading simulator feature
Vivado Simulator 2017.4
Time resolution is 1 ps
open_wave_config C:/Users/LempsPC/L_CPU_project/L-CPU-final/L_CPU_tester1_behav.wcfg
source L_CPU_tester2.tcl
# set curr_wave [current_wave_config]
# if { [string length $curr_wave] == 0 } {
#   if { [llength [get_objects]] > 0} {
#     add_wave /
#     set_property needs_save false [current_wave_config]
#   } else {
#      send_msg_id Add_Wave-1 WARNING "No top level signals found. Simulator will start without a wave window. If you want to open a wave window go to 'File->New Waveform Configuration' or type 'create_wave_config' in the TCL console."
#   }
# }
# run 1000ns
@20 Inserted data  17 into register   0
@30 Inserted data  74 into register   1
@40 Inserted data  18 into register   2
@50 Inserted data  33 into register   3
@60 Inserted data 163 into register   4
@70 Inserted data  40 into register   5
Reading result from cell           6
Result value is         107
Addition testing completed successfully
@380 Inserted data  17 into register   0
@390 Inserted data   3 into register   1
@400 Inserted data  18 into register   2
@410 Inserted data  25 into register   3
@420 Inserted data 163 into register   4
@430 Inserted data  40 into register   5
Reading result from cell           6
Result value is          28
Addition testing completed successfully
@740 Inserted data  17 into register   0
@750 Inserted data  68 into register   1
@760 Inserted data  18 into register   2
@770 Inserted data 100 into register   3
@780 Inserted data 163 into register   4
@790 Inserted data  40 into register   5
xsim: Time (s): cpu = 00:00:03 ; elapsed = 00:00:05 . Memory (MB): peak = 809.230 ; gain = 0.000
INFO: [USF-XSim-96] XSim completed. Design snapshot 'L_CPU_tester2_behav' loaded.
INFO: [USF-XSim-97] XSim simulation ran for 1000ns
launch_simulation: Time (s): cpu = 00:00:05 ; elapsed = 00:00:13 . Memory (MB): peak = 809.230 ; gain = 21.652
relaunch_sim
INFO: [Vivado 12-5682] Launching behavioral simulation in 'C:/Users/LempsPC/L_CPU_project/L-CPU-final/L-CPU.sim/sim_1/behav/xsim'
INFO: [SIM-utils-51] Simulation object is 'sim_1'
INFO: [SIM-utils-54] Inspecting design source files for 'L_CPU_tester2' in fileset 'sim_1'...
INFO: [USF-XSim-97] Finding global include files...
INFO: [USF-XSim-98] Fetching design files from 'sim_1'...
INFO: [USF-XSim-2] XSim::Compile design
INFO: [USF-XSim-61] Executing 'COMPILE and ANALYZE' step in 'C:/Users/LempsPC/L_CPU_project/L-CPU-final/L-CPU.sim/sim_1/behav/xsim'
"xvlog --incr --relax -L xil_defaultlib -prj L_CPU_tester2_vlog.prj"
INFO: [VRFC 10-2263] Analyzing SystemVerilog file "C:/Users/LempsPC/L_CPU_project/L-CPU-final/L-CPU.srcs/sim_1/new/L_CPU_tester2.sv" into library xil_defaultlib
INFO: [VRFC 10-311] analyzing module L_CPU_tester2
"xvhdl --incr --relax -prj L_CPU_tester2_vhdl.prj"
INFO: [USF-XSim-69] 'compile' step finished in '1' seconds
INFO: [Vivado 12-5682] Launching behavioral simulation in 'C:/Users/LempsPC/L_CPU_project/L-CPU-final/L-CPU.sim/sim_1/behav/xsim'
INFO: [USF-XSim-3] XSim::Elaborate design
INFO: [USF-XSim-61] Executing 'ELABORATE' step in 'C:/Users/LempsPC/L_CPU_project/L-CPU-final/L-CPU.sim/sim_1/behav/xsim'
Vivado Simulator 2017.4
Copyright 1986-1999, 2001-2016 Xilinx, Inc. All Rights Reserved.
Running: C:/Xilinx/Vivado/2017.4/bin/unwrapped/win64.o/xelab.exe -wto 54bfd1901e08409fa20876b350ea7eb1 --incr --debug typical --relax --mt 2 -L xil_defaultlib -L unisims_ver -L unimacro_ver -L secureip --snapshot L_CPU_tester2_behav xil_defaultlib.L_CPU_tester2 xil_defaultlib.glbl -log elaborate.log 
Using 2 slave threads.
Starting static elaboration
Completed static elaboration
Starting simulation data flow analysis
Completed simulation data flow analysis
Time Resolution for simulation is 1ps
Compiling package std.standard
Compiling package std.textio
Compiling package ieee.std_logic_1164
Compiling package synopsys.attributes
Compiling package ieee.std_logic_misc
Compiling package ieee.std_logic_arith
Compiling package ieee.std_logic_unsigned
Compiling package ieee.numeric_std
Compiling architecture beh of entity xil_defaultlib.Mem [\Mem(bitwidth=8)\]
Compiling architecture beh of entity xil_defaultlib.L_CPU [l_cpu_default]
Compiling module xil_defaultlib.L_CPU_tester2
Compiling module xil_defaultlib.glbl
Built simulation snapshot L_CPU_tester2_behav
INFO: [USF-XSim-69] 'elaborate' step finished in '3' seconds
Vivado Simulator 2017.4
Time resolution is 1 ps
@20 Inserted data  17 into register   0
@30 Inserted data  74 into register   1
@40 Inserted data  18 into register   2
@50 Inserted data  33 into register   3
@60 Inserted data 163 into register   4
@70 Inserted data  40 into register   5
Reading result from cell           6
Result value is         107
Addition testing completed successfully
Initial number is   x
Shifted left number is   x
$finish called at time : 365 ns : File "C:/Users/LempsPC/L_CPU_project/L-CPU-final/L-CPU.srcs/sim_1/new/L_CPU_tester2.sv" Line 149
relaunch_xsim_kernel: Time (s): cpu = 00:00:00 ; elapsed = 00:00:10 . Memory (MB): peak = 944.238 ; gain = 0.000
relaunch_sim: Time (s): cpu = 00:00:01 ; elapsed = 00:00:17 . Memory (MB): peak = 944.238 ; gain = 0.000
relaunch_sim
INFO: [Vivado 12-5682] Launching behavioral simulation in 'C:/Users/LempsPC/L_CPU_project/L-CPU-final/L-CPU.sim/sim_1/behav/xsim'
INFO: [SIM-utils-51] Simulation object is 'sim_1'
INFO: [SIM-utils-54] Inspecting design source files for 'L_CPU_tester2' in fileset 'sim_1'...
INFO: [USF-XSim-97] Finding global include files...
INFO: [USF-XSim-98] Fetching design files from 'sim_1'...
INFO: [USF-XSim-2] XSim::Compile design
INFO: [USF-XSim-61] Executing 'COMPILE and ANALYZE' step in 'C:/Users/LempsPC/L_CPU_project/L-CPU-final/L-CPU.sim/sim_1/behav/xsim'
"xvlog --incr --relax -L xil_defaultlib -prj L_CPU_tester2_vlog.prj"
INFO: [VRFC 10-2263] Analyzing SystemVerilog file "C:/Users/LempsPC/L_CPU_project/L-CPU-final/L-CPU.srcs/sim_1/new/L_CPU_tester2.sv" into library xil_defaultlib
INFO: [VRFC 10-311] analyzing module L_CPU_tester2
"xvhdl --incr --relax -prj L_CPU_tester2_vhdl.prj"
INFO: [USF-XSim-69] 'compile' step finished in '2' seconds
INFO: [Vivado 12-5682] Launching behavioral simulation in 'C:/Users/LempsPC/L_CPU_project/L-CPU-final/L-CPU.sim/sim_1/behav/xsim'
INFO: [USF-XSim-3] XSim::Elaborate design
INFO: [USF-XSim-61] Executing 'ELABORATE' step in 'C:/Users/LempsPC/L_CPU_project/L-CPU-final/L-CPU.sim/sim_1/behav/xsim'
Vivado Simulator 2017.4
Copyright 1986-1999, 2001-2016 Xilinx, Inc. All Rights Reserved.
Running: C:/Xilinx/Vivado/2017.4/bin/unwrapped/win64.o/xelab.exe -wto 54bfd1901e08409fa20876b350ea7eb1 --incr --debug typical --relax --mt 2 -L xil_defaultlib -L unisims_ver -L unimacro_ver -L secureip --snapshot L_CPU_tester2_behav xil_defaultlib.L_CPU_tester2 xil_defaultlib.glbl -log elaborate.log 
Using 2 slave threads.
Starting static elaboration
Completed static elaboration
Starting simulation data flow analysis
Completed simulation data flow analysis
Time Resolution for simulation is 1ps
Compiling package std.standard
Compiling package std.textio
Compiling package ieee.std_logic_1164
Compiling package synopsys.attributes
Compiling package ieee.std_logic_misc
Compiling package ieee.std_logic_arith
Compiling package ieee.std_logic_unsigned
Compiling package ieee.numeric_std
Compiling architecture beh of entity xil_defaultlib.Mem [\Mem(bitwidth=8)\]
Compiling architecture beh of entity xil_defaultlib.L_CPU [l_cpu_default]
Compiling module xil_defaultlib.L_CPU_tester2
Compiling module xil_defaultlib.glbl
Built simulation snapshot L_CPU_tester2_behav
INFO: [USF-XSim-69] 'elaborate' step finished in '2' seconds
Vivado Simulator 2017.4
Time resolution is 1 ps
@20 Inserted data  17 into register   0
@30 Inserted data  74 into register   1
@40 Inserted data  18 into register   2
@50 Inserted data  33 into register   3
@60 Inserted data 163 into register   4
@70 Inserted data  40 into register   5
Reading result from cell           6
Result value is         107
Addition testing completed successfully
Initial number is xxxxxxxx
Shifted left number is xxxxxxxx
$finish called at time : 365 ns : File "C:/Users/LempsPC/L_CPU_project/L-CPU-final/L-CPU.srcs/sim_1/new/L_CPU_tester2.sv" Line 149
relaunch_sim: Time (s): cpu = 00:00:00 ; elapsed = 00:00:06 . Memory (MB): peak = 944.238 ; gain = 0.000
relaunch_sim
INFO: [Vivado 12-5682] Launching behavioral simulation in 'C:/Users/LempsPC/L_CPU_project/L-CPU-final/L-CPU.sim/sim_1/behav/xsim'
INFO: [SIM-utils-51] Simulation object is 'sim_1'
INFO: [SIM-utils-54] Inspecting design source files for 'L_CPU_tester2' in fileset 'sim_1'...
INFO: [USF-XSim-97] Finding global include files...
INFO: [USF-XSim-98] Fetching design files from 'sim_1'...
INFO: [USF-XSim-2] XSim::Compile design
INFO: [USF-XSim-61] Executing 'COMPILE and ANALYZE' step in 'C:/Users/LempsPC/L_CPU_project/L-CPU-final/L-CPU.sim/sim_1/behav/xsim'
"xvlog --incr --relax -L xil_defaultlib -prj L_CPU_tester2_vlog.prj"
INFO: [VRFC 10-2263] Analyzing SystemVerilog file "C:/Users/LempsPC/L_CPU_project/L-CPU-final/L-CPU.srcs/sim_1/new/L_CPU_tester2.sv" into library xil_defaultlib
INFO: [VRFC 10-311] analyzing module L_CPU_tester2
"xvhdl --incr --relax -prj L_CPU_tester2_vhdl.prj"
INFO: [USF-XSim-69] 'compile' step finished in '2' seconds
INFO: [Vivado 12-5682] Launching behavioral simulation in 'C:/Users/LempsPC/L_CPU_project/L-CPU-final/L-CPU.sim/sim_1/behav/xsim'
INFO: [USF-XSim-3] XSim::Elaborate design
INFO: [USF-XSim-61] Executing 'ELABORATE' step in 'C:/Users/LempsPC/L_CPU_project/L-CPU-final/L-CPU.sim/sim_1/behav/xsim'
Vivado Simulator 2017.4
Copyright 1986-1999, 2001-2016 Xilinx, Inc. All Rights Reserved.
Running: C:/Xilinx/Vivado/2017.4/bin/unwrapped/win64.o/xelab.exe -wto 54bfd1901e08409fa20876b350ea7eb1 --incr --debug typical --relax --mt 2 -L xil_defaultlib -L unisims_ver -L unimacro_ver -L secureip --snapshot L_CPU_tester2_behav xil_defaultlib.L_CPU_tester2 xil_defaultlib.glbl -log elaborate.log 
Using 2 slave threads.
Starting static elaboration
Completed static elaboration
Starting simulation data flow analysis
Completed simulation data flow analysis
Time Resolution for simulation is 1ps
Compiling package std.standard
Compiling package std.textio
Compiling package ieee.std_logic_1164
Compiling package synopsys.attributes
Compiling package ieee.std_logic_misc
Compiling package ieee.std_logic_arith
Compiling package ieee.std_logic_unsigned
Compiling package ieee.numeric_std
Compiling architecture beh of entity xil_defaultlib.Mem [\Mem(bitwidth=8)\]
Compiling architecture beh of entity xil_defaultlib.L_CPU [l_cpu_default]
Compiling module xil_defaultlib.L_CPU_tester2
Compiling module xil_defaultlib.glbl
Built simulation snapshot L_CPU_tester2_behav
INFO: [USF-XSim-69] 'elaborate' step finished in '2' seconds
Vivado Simulator 2017.4
Time resolution is 1 ps
@20 Inserted data  17 into register   0
@30 Inserted data  74 into register   1
@40 Inserted data  18 into register   2
@50 Inserted data  33 into register   3
@60 Inserted data 163 into register   4
@70 Inserted data  40 into register   5
Reading result from cell           6
Result value is         107
Addition testing completed successfully
Initial number is xxxxxxxx
Shifted left number is xxxxxxxx
$finish called at time : 365 ns : File "C:/Users/LempsPC/L_CPU_project/L-CPU-final/L-CPU.srcs/sim_1/new/L_CPU_tester2.sv" Line 149
relaunch_sim: Time (s): cpu = 00:00:01 ; elapsed = 00:00:09 . Memory (MB): peak = 944.238 ; gain = 0.000
relaunch_sim
INFO: [Vivado 12-5682] Launching behavioral simulation in 'C:/Users/LempsPC/L_CPU_project/L-CPU-final/L-CPU.sim/sim_1/behav/xsim'
INFO: [SIM-utils-51] Simulation object is 'sim_1'
INFO: [SIM-utils-54] Inspecting design source files for 'L_CPU_tester2' in fileset 'sim_1'...
INFO: [USF-XSim-97] Finding global include files...
INFO: [USF-XSim-98] Fetching design files from 'sim_1'...
INFO: [USF-XSim-2] XSim::Compile design
INFO: [USF-XSim-61] Executing 'COMPILE and ANALYZE' step in 'C:/Users/LempsPC/L_CPU_project/L-CPU-final/L-CPU.sim/sim_1/behav/xsim'
"xvlog --incr --relax -L xil_defaultlib -prj L_CPU_tester2_vlog.prj"
INFO: [VRFC 10-2263] Analyzing SystemVerilog file "C:/Users/LempsPC/L_CPU_project/L-CPU-final/L-CPU.srcs/sim_1/new/L_CPU_tester2.sv" into library xil_defaultlib
INFO: [VRFC 10-311] analyzing module L_CPU_tester2
"xvhdl --incr --relax -prj L_CPU_tester2_vhdl.prj"
INFO: [USF-XSim-69] 'compile' step finished in '2' seconds
INFO: [Vivado 12-5682] Launching behavioral simulation in 'C:/Users/LempsPC/L_CPU_project/L-CPU-final/L-CPU.sim/sim_1/behav/xsim'
INFO: [USF-XSim-3] XSim::Elaborate design
INFO: [USF-XSim-61] Executing 'ELABORATE' step in 'C:/Users/LempsPC/L_CPU_project/L-CPU-final/L-CPU.sim/sim_1/behav/xsim'
Vivado Simulator 2017.4
Copyright 1986-1999, 2001-2016 Xilinx, Inc. All Rights Reserved.
Running: C:/Xilinx/Vivado/2017.4/bin/unwrapped/win64.o/xelab.exe -wto 54bfd1901e08409fa20876b350ea7eb1 --incr --debug typical --relax --mt 2 -L xil_defaultlib -L unisims_ver -L unimacro_ver -L secureip --snapshot L_CPU_tester2_behav xil_defaultlib.L_CPU_tester2 xil_defaultlib.glbl -log elaborate.log 
Using 2 slave threads.
Starting static elaboration
Completed static elaboration
Starting simulation data flow analysis
Completed simulation data flow analysis
Time Resolution for simulation is 1ps
Compiling package std.standard
Compiling package std.textio
Compiling package ieee.std_logic_1164
Compiling package synopsys.attributes
Compiling package ieee.std_logic_misc
Compiling package ieee.std_logic_arith
Compiling package ieee.std_logic_unsigned
Compiling package ieee.numeric_std
Compiling architecture beh of entity xil_defaultlib.Mem [\Mem(bitwidth=8)\]
Compiling architecture beh of entity xil_defaultlib.L_CPU [l_cpu_default]
Compiling module xil_defaultlib.L_CPU_tester2
Compiling module xil_defaultlib.glbl
Built simulation snapshot L_CPU_tester2_behav
INFO: [USF-XSim-69] 'elaborate' step finished in '2' seconds
Vivado Simulator 2017.4
Time resolution is 1 ps
@20 Inserted data  17 into register   0
@30 Inserted data  74 into register   1
@40 Inserted data  18 into register   2
@50 Inserted data  33 into register   3
@60 Inserted data 163 into register   4
@70 Inserted data  40 into register   5
Reading result from cell           6
Result value is         107
Addition testing completed successfully
Initial number is 00010001
Shifted left number is xxxxxxxx
$finish called at time : 365 ns : File "C:/Users/LempsPC/L_CPU_project/L-CPU-final/L-CPU.srcs/sim_1/new/L_CPU_tester2.sv" Line 149
relaunch_sim: Time (s): cpu = 00:00:01 ; elapsed = 00:00:09 . Memory (MB): peak = 944.238 ; gain = 0.000
relaunch_sim
INFO: [Vivado 12-5682] Launching behavioral simulation in 'C:/Users/LempsPC/L_CPU_project/L-CPU-final/L-CPU.sim/sim_1/behav/xsim'
INFO: [SIM-utils-51] Simulation object is 'sim_1'
INFO: [SIM-utils-54] Inspecting design source files for 'L_CPU_tester2' in fileset 'sim_1'...
INFO: [USF-XSim-97] Finding global include files...
INFO: [USF-XSim-98] Fetching design files from 'sim_1'...
INFO: [USF-XSim-2] XSim::Compile design
INFO: [USF-XSim-61] Executing 'COMPILE and ANALYZE' step in 'C:/Users/LempsPC/L_CPU_project/L-CPU-final/L-CPU.sim/sim_1/behav/xsim'
"xvlog --incr --relax -L xil_defaultlib -prj L_CPU_tester2_vlog.prj"
INFO: [VRFC 10-2263] Analyzing SystemVerilog file "C:/Users/LempsPC/L_CPU_project/L-CPU-final/L-CPU.srcs/sim_1/new/L_CPU_tester2.sv" into library xil_defaultlib
INFO: [VRFC 10-311] analyzing module L_CPU_tester2
"xvhdl --incr --relax -prj L_CPU_tester2_vhdl.prj"
INFO: [USF-XSim-69] 'compile' step finished in '1' seconds
INFO: [Vivado 12-5682] Launching behavioral simulation in 'C:/Users/LempsPC/L_CPU_project/L-CPU-final/L-CPU.sim/sim_1/behav/xsim'
INFO: [USF-XSim-3] XSim::Elaborate design
INFO: [USF-XSim-61] Executing 'ELABORATE' step in 'C:/Users/LempsPC/L_CPU_project/L-CPU-final/L-CPU.sim/sim_1/behav/xsim'
Vivado Simulator 2017.4
Copyright 1986-1999, 2001-2016 Xilinx, Inc. All Rights Reserved.
Running: C:/Xilinx/Vivado/2017.4/bin/unwrapped/win64.o/xelab.exe -wto 54bfd1901e08409fa20876b350ea7eb1 --incr --debug typical --relax --mt 2 -L xil_defaultlib -L unisims_ver -L unimacro_ver -L secureip --snapshot L_CPU_tester2_behav xil_defaultlib.L_CPU_tester2 xil_defaultlib.glbl -log elaborate.log 
Using 2 slave threads.
Starting static elaboration
Completed static elaboration
Starting simulation data flow analysis
Completed simulation data flow analysis
Time Resolution for simulation is 1ps
Compiling package std.standard
Compiling package std.textio
Compiling package ieee.std_logic_1164
Compiling package synopsys.attributes
Compiling package ieee.std_logic_misc
Compiling package ieee.std_logic_arith
Compiling package ieee.std_logic_unsigned
Compiling package ieee.numeric_std
Compiling architecture beh of entity xil_defaultlib.Mem [\Mem(bitwidth=8)\]
Compiling architecture beh of entity xil_defaultlib.L_CPU [l_cpu_default]
Compiling module xil_defaultlib.L_CPU_tester2
Compiling module xil_defaultlib.glbl
Built simulation snapshot L_CPU_tester2_behav
INFO: [USF-XSim-69] 'elaborate' step finished in '3' seconds
Vivado Simulator 2017.4
Time resolution is 1 ps
@20 Inserted data  17 into register   0
@30 Inserted data  74 into register   1
@40 Inserted data  18 into register   2
@50 Inserted data  33 into register   3
@60 Inserted data 163 into register   4
@70 Inserted data  40 into register   5
Reading result from cell           6
Result value is         107
Addition testing completed successfully
Initial number is 00010001
Shifted left number is 00100010
$finish called at time : 375 ns : File "C:/Users/LempsPC/L_CPU_project/L-CPU-final/L-CPU.srcs/sim_1/new/L_CPU_tester2.sv" Line 150
relaunch_sim: Time (s): cpu = 00:00:00 ; elapsed = 00:00:10 . Memory (MB): peak = 947.680 ; gain = 0.000
relaunch_sim
INFO: [Vivado 12-5682] Launching behavioral simulation in 'C:/Users/LempsPC/L_CPU_project/L-CPU-final/L-CPU.sim/sim_1/behav/xsim'
INFO: [SIM-utils-51] Simulation object is 'sim_1'
INFO: [SIM-utils-54] Inspecting design source files for 'L_CPU_tester2' in fileset 'sim_1'...
INFO: [USF-XSim-97] Finding global include files...
INFO: [USF-XSim-98] Fetching design files from 'sim_1'...
INFO: [USF-XSim-2] XSim::Compile design
INFO: [USF-XSim-61] Executing 'COMPILE and ANALYZE' step in 'C:/Users/LempsPC/L_CPU_project/L-CPU-final/L-CPU.sim/sim_1/behav/xsim'
"xvlog --incr --relax -L xil_defaultlib -prj L_CPU_tester2_vlog.prj"
INFO: [VRFC 10-2263] Analyzing SystemVerilog file "C:/Users/LempsPC/L_CPU_project/L-CPU-final/L-CPU.srcs/sim_1/new/L_CPU_tester2.sv" into library xil_defaultlib
INFO: [VRFC 10-311] analyzing module L_CPU_tester2
"xvhdl --incr --relax -prj L_CPU_tester2_vhdl.prj"
INFO: [USF-XSim-69] 'compile' step finished in '1' seconds
INFO: [Vivado 12-5682] Launching behavioral simulation in 'C:/Users/LempsPC/L_CPU_project/L-CPU-final/L-CPU.sim/sim_1/behav/xsim'
INFO: [USF-XSim-3] XSim::Elaborate design
INFO: [USF-XSim-61] Executing 'ELABORATE' step in 'C:/Users/LempsPC/L_CPU_project/L-CPU-final/L-CPU.sim/sim_1/behav/xsim'
Vivado Simulator 2017.4
Copyright 1986-1999, 2001-2016 Xilinx, Inc. All Rights Reserved.
Running: C:/Xilinx/Vivado/2017.4/bin/unwrapped/win64.o/xelab.exe -wto 54bfd1901e08409fa20876b350ea7eb1 --incr --debug typical --relax --mt 2 -L xil_defaultlib -L unisims_ver -L unimacro_ver -L secureip --snapshot L_CPU_tester2_behav xil_defaultlib.L_CPU_tester2 xil_defaultlib.glbl -log elaborate.log 
Using 2 slave threads.
Starting static elaboration
Completed static elaboration
Starting simulation data flow analysis
Completed simulation data flow analysis
Time Resolution for simulation is 1ps
Compiling package std.standard
Compiling package std.textio
Compiling package ieee.std_logic_1164
Compiling package synopsys.attributes
Compiling package ieee.std_logic_misc
Compiling package ieee.std_logic_arith
Compiling package ieee.std_logic_unsigned
Compiling package ieee.numeric_std
Compiling architecture beh of entity xil_defaultlib.Mem [\Mem(bitwidth=8)\]
Compiling architecture beh of entity xil_defaultlib.L_CPU [l_cpu_default]
Compiling module xil_defaultlib.L_CPU_tester2
Compiling module xil_defaultlib.glbl
Built simulation snapshot L_CPU_tester2_behav
INFO: [USF-XSim-69] 'elaborate' step finished in '2' seconds
Vivado Simulator 2017.4
Time resolution is 1 ps
@20 Inserted data  17 into register   0
@30 Inserted data  74 into register   1
@40 Inserted data  18 into register   2
@50 Inserted data  33 into register   3
@60 Inserted data 163 into register   4
@70 Inserted data  40 into register   5
Reading result from cell           6
Result value is         107
Addition testing completed successfully
Initial number is 10000001
Shifted left number is 00000011
$finish called at time : 375 ns : File "C:/Users/LempsPC/L_CPU_project/L-CPU-final/L-CPU.srcs/sim_1/new/L_CPU_tester2.sv" Line 150
relaunch_sim: Time (s): cpu = 00:00:00 ; elapsed = 00:00:06 . Memory (MB): peak = 947.688 ; gain = 0.000
relaunch_sim
INFO: [Vivado 12-5682] Launching behavioral simulation in 'C:/Users/LempsPC/L_CPU_project/L-CPU-final/L-CPU.sim/sim_1/behav/xsim'
INFO: [SIM-utils-51] Simulation object is 'sim_1'
INFO: [SIM-utils-54] Inspecting design source files for 'L_CPU_tester2' in fileset 'sim_1'...
INFO: [USF-XSim-97] Finding global include files...
INFO: [USF-XSim-98] Fetching design files from 'sim_1'...
INFO: [USF-XSim-2] XSim::Compile design
INFO: [USF-XSim-61] Executing 'COMPILE and ANALYZE' step in 'C:/Users/LempsPC/L_CPU_project/L-CPU-final/L-CPU.sim/sim_1/behav/xsim'
"xvlog --incr --relax -L xil_defaultlib -prj L_CPU_tester2_vlog.prj"
INFO: [VRFC 10-2263] Analyzing SystemVerilog file "C:/Users/LempsPC/L_CPU_project/L-CPU-final/L-CPU.srcs/sim_1/new/L_CPU_tester2.sv" into library xil_defaultlib
INFO: [VRFC 10-311] analyzing module L_CPU_tester2
"xvhdl --incr --relax -prj L_CPU_tester2_vhdl.prj"
INFO: [USF-XSim-69] 'compile' step finished in '2' seconds
INFO: [Vivado 12-5682] Launching behavioral simulation in 'C:/Users/LempsPC/L_CPU_project/L-CPU-final/L-CPU.sim/sim_1/behav/xsim'
INFO: [USF-XSim-3] XSim::Elaborate design
INFO: [USF-XSim-61] Executing 'ELABORATE' step in 'C:/Users/LempsPC/L_CPU_project/L-CPU-final/L-CPU.sim/sim_1/behav/xsim'
Vivado Simulator 2017.4
Copyright 1986-1999, 2001-2016 Xilinx, Inc. All Rights Reserved.
Running: C:/Xilinx/Vivado/2017.4/bin/unwrapped/win64.o/xelab.exe -wto 54bfd1901e08409fa20876b350ea7eb1 --incr --debug typical --relax --mt 2 -L xil_defaultlib -L unisims_ver -L unimacro_ver -L secureip --snapshot L_CPU_tester2_behav xil_defaultlib.L_CPU_tester2 xil_defaultlib.glbl -log elaborate.log 
Using 2 slave threads.
Starting static elaboration
Completed static elaboration
Starting simulation data flow analysis
Completed simulation data flow analysis
Time Resolution for simulation is 1ps
Compiling package std.standard
Compiling package std.textio
Compiling package ieee.std_logic_1164
Compiling package synopsys.attributes
Compiling package ieee.std_logic_misc
Compiling package ieee.std_logic_arith
Compiling package ieee.std_logic_unsigned
Compiling package ieee.numeric_std
Compiling architecture beh of entity xil_defaultlib.Mem [\Mem(bitwidth=8)\]
Compiling architecture beh of entity xil_defaultlib.L_CPU [l_cpu_default]
Compiling module xil_defaultlib.L_CPU_tester2
Compiling module xil_defaultlib.glbl
Built simulation snapshot L_CPU_tester2_behav
INFO: [USF-XSim-69] 'elaborate' step finished in '2' seconds
Vivado Simulator 2017.4
Time resolution is 1 ps
@20 Inserted data  17 into register   0
@30 Inserted data  74 into register   1
@40 Inserted data  18 into register   2
@50 Inserted data  33 into register   3
@60 Inserted data 163 into register   4
@70 Inserted data  40 into register   5
Reading result from cell           6
Result value is         107
Addition testing completed successfully
Initial number is 10010001
Shifted left number is 00100011
$finish called at time : 375 ns : File "C:/Users/LempsPC/L_CPU_project/L-CPU-final/L-CPU.srcs/sim_1/new/L_CPU_tester2.sv" Line 150
relaunch_sim: Time (s): cpu = 00:00:00 ; elapsed = 00:00:06 . Memory (MB): peak = 950.262 ; gain = 0.000
relaunch_sim
INFO: [Vivado 12-5682] Launching behavioral simulation in 'C:/Users/LempsPC/L_CPU_project/L-CPU-final/L-CPU.sim/sim_1/behav/xsim'
INFO: [SIM-utils-51] Simulation object is 'sim_1'
INFO: [SIM-utils-54] Inspecting design source files for 'L_CPU_tester2' in fileset 'sim_1'...
INFO: [USF-XSim-97] Finding global include files...
INFO: [USF-XSim-98] Fetching design files from 'sim_1'...
INFO: [USF-XSim-2] XSim::Compile design
INFO: [USF-XSim-61] Executing 'COMPILE and ANALYZE' step in 'C:/Users/LempsPC/L_CPU_project/L-CPU-final/L-CPU.sim/sim_1/behav/xsim'
"xvlog --incr --relax -L xil_defaultlib -prj L_CPU_tester2_vlog.prj"
INFO: [VRFC 10-2263] Analyzing SystemVerilog file "C:/Users/LempsPC/L_CPU_project/L-CPU-final/L-CPU.srcs/sim_1/new/L_CPU_tester2.sv" into library xil_defaultlib
INFO: [VRFC 10-311] analyzing module L_CPU_tester2
"xvhdl --incr --relax -prj L_CPU_tester2_vhdl.prj"
INFO: [USF-XSim-69] 'compile' step finished in '2' seconds
INFO: [Vivado 12-5682] Launching behavioral simulation in 'C:/Users/LempsPC/L_CPU_project/L-CPU-final/L-CPU.sim/sim_1/behav/xsim'
INFO: [USF-XSim-3] XSim::Elaborate design
INFO: [USF-XSim-61] Executing 'ELABORATE' step in 'C:/Users/LempsPC/L_CPU_project/L-CPU-final/L-CPU.sim/sim_1/behav/xsim'
Vivado Simulator 2017.4
Copyright 1986-1999, 2001-2016 Xilinx, Inc. All Rights Reserved.
Running: C:/Xilinx/Vivado/2017.4/bin/unwrapped/win64.o/xelab.exe -wto 54bfd1901e08409fa20876b350ea7eb1 --incr --debug typical --relax --mt 2 -L xil_defaultlib -L unisims_ver -L unimacro_ver -L secureip --snapshot L_CPU_tester2_behav xil_defaultlib.L_CPU_tester2 xil_defaultlib.glbl -log elaborate.log 
Using 2 slave threads.
Starting static elaboration
ERROR: [VRFC 10-91] shiftleft is not declared [C:/Users/LempsPC/L_CPU_project/L-CPU-final/L-CPU.srcs/sim_1/new/L_CPU_tester2.sv:164]
ERROR: [XSIM 43-3322] Static elaboration of top level Verilog design unit(s) in library work failed.
INFO: [USF-XSim-69] 'elaborate' step finished in '2' seconds
INFO: [USF-XSim-99] Step results log file:'C:/Users/LempsPC/L_CPU_project/L-CPU-final/L-CPU.sim/sim_1/behav/xsim/elaborate.log'
ERROR: [USF-XSim-62] 'elaborate' step failed with error(s). Please check the Tcl console output or 'C:/Users/LempsPC/L_CPU_project/L-CPU-final/L-CPU.sim/sim_1/behav/xsim/elaborate.log' file for more information.
ERROR: [Vivado 12-4473] Detected error while running simulation. Please correct the issue and retry this operation.
ERROR: [Common 17-39] 'launch_simulation' failed due to earlier errors.
ERROR: [Common 17-69] Command failed: ERROR: [Common 17-39] 'launch_simulation' failed due to earlier errors.

relaunch_sim
INFO: [Vivado 12-5682] Launching behavioral simulation in 'C:/Users/LempsPC/L_CPU_project/L-CPU-final/L-CPU.sim/sim_1/behav/xsim'
INFO: [SIM-utils-51] Simulation object is 'sim_1'
INFO: [SIM-utils-54] Inspecting design source files for 'L_CPU_tester2' in fileset 'sim_1'...
INFO: [USF-XSim-97] Finding global include files...
INFO: [USF-XSim-98] Fetching design files from 'sim_1'...
INFO: [USF-XSim-2] XSim::Compile design
INFO: [USF-XSim-61] Executing 'COMPILE and ANALYZE' step in 'C:/Users/LempsPC/L_CPU_project/L-CPU-final/L-CPU.sim/sim_1/behav/xsim'
"xvlog --incr --relax -L xil_defaultlib -prj L_CPU_tester2_vlog.prj"
INFO: [VRFC 10-2263] Analyzing SystemVerilog file "C:/Users/LempsPC/L_CPU_project/L-CPU-final/L-CPU.srcs/sim_1/new/L_CPU_tester2.sv" into library xil_defaultlib
INFO: [VRFC 10-311] analyzing module L_CPU_tester2
"xvhdl --incr --relax -prj L_CPU_tester2_vhdl.prj"
INFO: [USF-XSim-69] 'compile' step finished in '2' seconds
INFO: [Vivado 12-5682] Launching behavioral simulation in 'C:/Users/LempsPC/L_CPU_project/L-CPU-final/L-CPU.sim/sim_1/behav/xsim'
INFO: [USF-XSim-3] XSim::Elaborate design
INFO: [USF-XSim-61] Executing 'ELABORATE' step in 'C:/Users/LempsPC/L_CPU_project/L-CPU-final/L-CPU.sim/sim_1/behav/xsim'
Vivado Simulator 2017.4
Copyright 1986-1999, 2001-2016 Xilinx, Inc. All Rights Reserved.
Running: C:/Xilinx/Vivado/2017.4/bin/unwrapped/win64.o/xelab.exe -wto 54bfd1901e08409fa20876b350ea7eb1 --incr --debug typical --relax --mt 2 -L xil_defaultlib -L unisims_ver -L unimacro_ver -L secureip --snapshot L_CPU_tester2_behav xil_defaultlib.L_CPU_tester2 xil_defaultlib.glbl -log elaborate.log 
Using 2 slave threads.
Starting static elaboration
Completed static elaboration
Starting simulation data flow analysis
Completed simulation data flow analysis
Time Resolution for simulation is 1ps
Compiling package std.standard
Compiling package std.textio
Compiling package ieee.std_logic_1164
Compiling package synopsys.attributes
Compiling package ieee.std_logic_misc
Compiling package ieee.std_logic_arith
Compiling package ieee.std_logic_unsigned
Compiling package ieee.numeric_std
Compiling architecture beh of entity xil_defaultlib.Mem [\Mem(bitwidth=8)\]
Compiling architecture beh of entity xil_defaultlib.L_CPU [l_cpu_default]
Compiling module xil_defaultlib.L_CPU_tester2
Compiling module xil_defaultlib.glbl
Built simulation snapshot L_CPU_tester2_behav
INFO: [USF-XSim-69] 'elaborate' step finished in '4' seconds
Vivado Simulator 2017.4
Time resolution is 1 ps
Shiftable value before shifting: 10010010
@30 Inserted data  17 into register   0
@40 Inserted data 146 into register   1
@50 Inserted data 211 into register   2
@60 Inserted data  40 into register   3
Initial number is 10010001
Shifted left number is 00100011
$finish called at time : 345 ns : File "C:/Users/LempsPC/L_CPU_project/L-CPU-final/L-CPU.srcs/sim_1/new/L_CPU_tester2.sv" Line 175
relaunch_sim: Time (s): cpu = 00:00:00 ; elapsed = 00:00:10 . Memory (MB): peak = 954.055 ; gain = 1.078
relaunch_sim
INFO: [Vivado 12-5682] Launching behavioral simulation in 'C:/Users/LempsPC/L_CPU_project/L-CPU-final/L-CPU.sim/sim_1/behav/xsim'
INFO: [SIM-utils-51] Simulation object is 'sim_1'
INFO: [SIM-utils-54] Inspecting design source files for 'L_CPU_tester2' in fileset 'sim_1'...
INFO: [USF-XSim-97] Finding global include files...
INFO: [USF-XSim-98] Fetching design files from 'sim_1'...
INFO: [USF-XSim-2] XSim::Compile design
INFO: [USF-XSim-61] Executing 'COMPILE and ANALYZE' step in 'C:/Users/LempsPC/L_CPU_project/L-CPU-final/L-CPU.sim/sim_1/behav/xsim'
"xvlog --incr --relax -L xil_defaultlib -prj L_CPU_tester2_vlog.prj"
INFO: [VRFC 10-2263] Analyzing SystemVerilog file "C:/Users/LempsPC/L_CPU_project/L-CPU-final/L-CPU.srcs/sim_1/new/L_CPU_tester2.sv" into library xil_defaultlib
INFO: [VRFC 10-311] analyzing module L_CPU_tester2
"xvhdl --incr --relax -prj L_CPU_tester2_vhdl.prj"
INFO: [USF-XSim-69] 'compile' step finished in '2' seconds
INFO: [Vivado 12-5682] Launching behavioral simulation in 'C:/Users/LempsPC/L_CPU_project/L-CPU-final/L-CPU.sim/sim_1/behav/xsim'
INFO: [USF-XSim-3] XSim::Elaborate design
INFO: [USF-XSim-61] Executing 'ELABORATE' step in 'C:/Users/LempsPC/L_CPU_project/L-CPU-final/L-CPU.sim/sim_1/behav/xsim'
Vivado Simulator 2017.4
Copyright 1986-1999, 2001-2016 Xilinx, Inc. All Rights Reserved.
Running: C:/Xilinx/Vivado/2017.4/bin/unwrapped/win64.o/xelab.exe -wto 54bfd1901e08409fa20876b350ea7eb1 --incr --debug typical --relax --mt 2 -L xil_defaultlib -L unisims_ver -L unimacro_ver -L secureip --snapshot L_CPU_tester2_behav xil_defaultlib.L_CPU_tester2 xil_defaultlib.glbl -log elaborate.log 
Using 2 slave threads.
Starting static elaboration
Completed static elaboration
Starting simulation data flow analysis
Completed simulation data flow analysis
Time Resolution for simulation is 1ps
Compiling package std.standard
Compiling package std.textio
Compiling package ieee.std_logic_1164
Compiling package synopsys.attributes
Compiling package ieee.std_logic_misc
Compiling package ieee.std_logic_arith
Compiling package ieee.std_logic_unsigned
Compiling package ieee.numeric_std
Compiling architecture beh of entity xil_defaultlib.Mem [\Mem(bitwidth=8)\]
Compiling architecture beh of entity xil_defaultlib.L_CPU [l_cpu_default]
Compiling module xil_defaultlib.L_CPU_tester2
Compiling module xil_defaultlib.glbl
Built simulation snapshot L_CPU_tester2_behav
INFO: [USF-XSim-69] 'elaborate' step finished in '2' seconds
Vivado Simulator 2017.4
Time resolution is 1 ps
Shiftable value before shifting: 10010010
@30 Inserted data  17 into register   0
@40 Inserted data 146 into register   1
@50 Inserted data 211 into register   2
@60 Inserted data  40 into register   3
Initial number is 10010001
Shifted left number is 00100011
$finish called at time : 265 ns : File "C:/Users/LempsPC/L_CPU_project/L-CPU-final/L-CPU.srcs/sim_1/new/L_CPU_tester2.sv" Line 175
relaunch_sim: Time (s): cpu = 00:00:00 ; elapsed = 00:00:07 . Memory (MB): peak = 955.148 ; gain = 0.137
relaunch_sim
INFO: [Vivado 12-5682] Launching behavioral simulation in 'C:/Users/LempsPC/L_CPU_project/L-CPU-final/L-CPU.sim/sim_1/behav/xsim'
INFO: [SIM-utils-51] Simulation object is 'sim_1'
INFO: [SIM-utils-54] Inspecting design source files for 'L_CPU_tester2' in fileset 'sim_1'...
INFO: [USF-XSim-97] Finding global include files...
INFO: [USF-XSim-98] Fetching design files from 'sim_1'...
INFO: [USF-XSim-2] XSim::Compile design
INFO: [USF-XSim-61] Executing 'COMPILE and ANALYZE' step in 'C:/Users/LempsPC/L_CPU_project/L-CPU-final/L-CPU.sim/sim_1/behav/xsim'
"xvlog --incr --relax -L xil_defaultlib -prj L_CPU_tester2_vlog.prj"
INFO: [VRFC 10-2263] Analyzing SystemVerilog file "C:/Users/LempsPC/L_CPU_project/L-CPU-final/L-CPU.srcs/sim_1/new/L_CPU_tester2.sv" into library xil_defaultlib
INFO: [VRFC 10-311] analyzing module L_CPU_tester2
"xvhdl --incr --relax -prj L_CPU_tester2_vhdl.prj"
INFO: [USF-XSim-69] 'compile' step finished in '2' seconds
INFO: [Vivado 12-5682] Launching behavioral simulation in 'C:/Users/LempsPC/L_CPU_project/L-CPU-final/L-CPU.sim/sim_1/behav/xsim'
INFO: [USF-XSim-3] XSim::Elaborate design
INFO: [USF-XSim-61] Executing 'ELABORATE' step in 'C:/Users/LempsPC/L_CPU_project/L-CPU-final/L-CPU.sim/sim_1/behav/xsim'
Vivado Simulator 2017.4
Copyright 1986-1999, 2001-2016 Xilinx, Inc. All Rights Reserved.
Running: C:/Xilinx/Vivado/2017.4/bin/unwrapped/win64.o/xelab.exe -wto 54bfd1901e08409fa20876b350ea7eb1 --incr --debug typical --relax --mt 2 -L xil_defaultlib -L unisims_ver -L unimacro_ver -L secureip --snapshot L_CPU_tester2_behav xil_defaultlib.L_CPU_tester2 xil_defaultlib.glbl -log elaborate.log 
Using 2 slave threads.
Starting static elaboration
ERROR: [VRFC 10-367] automatic variable actualresult cannot be written in this context [C:/Users/LempsPC/L_CPU_project/L-CPU-final/L-CPU.srcs/sim_1/new/L_CPU_tester2.sv:127]
ERROR: [XSIM 43-3322] Static elaboration of top level Verilog design unit(s) in library work failed.
INFO: [USF-XSim-69] 'elaborate' step finished in '1' seconds
INFO: [USF-XSim-99] Step results log file:'C:/Users/LempsPC/L_CPU_project/L-CPU-final/L-CPU.sim/sim_1/behav/xsim/elaborate.log'
ERROR: [USF-XSim-62] 'elaborate' step failed with error(s). Please check the Tcl console output or 'C:/Users/LempsPC/L_CPU_project/L-CPU-final/L-CPU.sim/sim_1/behav/xsim/elaborate.log' file for more information.
ERROR: [Vivado 12-4473] Detected error while running simulation. Please correct the issue and retry this operation.
ERROR: [Common 17-39] 'launch_simulation' failed due to earlier errors.
ERROR: [Common 17-69] Command failed: ERROR: [Common 17-39] 'launch_simulation' failed due to earlier errors.

relaunch_sim
INFO: [Vivado 12-5682] Launching behavioral simulation in 'C:/Users/LempsPC/L_CPU_project/L-CPU-final/L-CPU.sim/sim_1/behav/xsim'
INFO: [SIM-utils-51] Simulation object is 'sim_1'
INFO: [SIM-utils-54] Inspecting design source files for 'L_CPU_tester2' in fileset 'sim_1'...
INFO: [USF-XSim-97] Finding global include files...
INFO: [USF-XSim-98] Fetching design files from 'sim_1'...
INFO: [USF-XSim-2] XSim::Compile design
INFO: [USF-XSim-61] Executing 'COMPILE and ANALYZE' step in 'C:/Users/LempsPC/L_CPU_project/L-CPU-final/L-CPU.sim/sim_1/behav/xsim'
"xvlog --incr --relax -L xil_defaultlib -prj L_CPU_tester2_vlog.prj"
INFO: [VRFC 10-2263] Analyzing SystemVerilog file "C:/Users/LempsPC/L_CPU_project/L-CPU-final/L-CPU.srcs/sim_1/new/L_CPU_tester2.sv" into library xil_defaultlib
INFO: [VRFC 10-311] analyzing module L_CPU_tester2
"xvhdl --incr --relax -prj L_CPU_tester2_vhdl.prj"
INFO: [USF-XSim-69] 'compile' step finished in '1' seconds
INFO: [Vivado 12-5682] Launching behavioral simulation in 'C:/Users/LempsPC/L_CPU_project/L-CPU-final/L-CPU.sim/sim_1/behav/xsim'
INFO: [USF-XSim-3] XSim::Elaborate design
INFO: [USF-XSim-61] Executing 'ELABORATE' step in 'C:/Users/LempsPC/L_CPU_project/L-CPU-final/L-CPU.sim/sim_1/behav/xsim'
Vivado Simulator 2017.4
Copyright 1986-1999, 2001-2016 Xilinx, Inc. All Rights Reserved.
Running: C:/Xilinx/Vivado/2017.4/bin/unwrapped/win64.o/xelab.exe -wto 54bfd1901e08409fa20876b350ea7eb1 --incr --debug typical --relax --mt 2 -L xil_defaultlib -L unisims_ver -L unimacro_ver -L secureip --snapshot L_CPU_tester2_behav xil_defaultlib.L_CPU_tester2 xil_defaultlib.glbl -log elaborate.log 
Using 2 slave threads.
Starting static elaboration
ERROR: [VRFC 10-367] automatic variable actualresult cannot be written in this context [C:/Users/LempsPC/L_CPU_project/L-CPU-final/L-CPU.srcs/sim_1/new/L_CPU_tester2.sv:130]
ERROR: [XSIM 43-3322] Static elaboration of top level Verilog design unit(s) in library work failed.
INFO: [USF-XSim-69] 'elaborate' step finished in '1' seconds
INFO: [USF-XSim-99] Step results log file:'C:/Users/LempsPC/L_CPU_project/L-CPU-final/L-CPU.sim/sim_1/behav/xsim/elaborate.log'
ERROR: [USF-XSim-62] 'elaborate' step failed with error(s). Please check the Tcl console output or 'C:/Users/LempsPC/L_CPU_project/L-CPU-final/L-CPU.sim/sim_1/behav/xsim/elaborate.log' file for more information.
ERROR: [Vivado 12-4473] Detected error while running simulation. Please correct the issue and retry this operation.
ERROR: [Common 17-39] 'launch_simulation' failed due to earlier errors.
ERROR: [Common 17-69] Command failed: ERROR: [Common 17-39] 'launch_simulation' failed due to earlier errors.

close_sim
INFO: [Simtcl 6-16] Simulation closed
exit
INFO: [Common 17-206] Exiting Vivado at Wed May 16 15:50:52 2018...
