#-----------------------------------------------------------
# Vivado v2017.4 (64-bit)
# SW Build 2086221 on Fri Dec 15 20:55:39 MST 2017
# IP Build 2085800 on Fri Dec 15 22:25:07 MST 2017
# Start of session at: Sat May 12 20:39:02 2018
# Process ID: 26468
# Current directory: c:/Users/LempsPC/L_CPU_project/L-CPU-final
# Command line: vivado.exe -gui_launcher_event rodinguilauncherevent28236 C:\Users\LempsPC\L_CPU_project\L-CPU-final\L-CPU.xpr
# Log file: c:/Users/LempsPC/L_CPU_project/L-CPU-final/vivado.log
# Journal file: c:/Users/LempsPC/L_CPU_project/L-CPU-final\vivado.jou
#-----------------------------------------------------------
start_gui
open_project C:/Users/LempsPC/L_CPU_project/L-CPU-final/L-CPU.xpr
Scanning sources...
Finished scanning sources
INFO: [IP_Flow 19-234] Refreshing IP repositories
INFO: [IP_Flow 19-1704] No user IP repositories specified
INFO: [IP_Flow 19-2313] Loaded Vivado IP repository 'C:/Xilinx/Vivado/2017.4/data/ip'.
update_compile_order -fileset sources_1
exit
INFO: [Common 17-206] Exiting Vivado at Sat May 12 20:52:52 2018...
