#-----------------------------------------------------------
# Vivado v2017.4 (64-bit)
# SW Build 2086221 on Fri Dec 15 20:55:39 MST 2017
# IP Build 2085800 on Fri Dec 15 22:25:07 MST 2017
# Start of session at: Sun Apr 22 12:52:18 2018
# Process ID: 11100
# Current directory: C:/Users/LempsPC/Desktop/L-CPU
# Command line: vivado.exe -gui_launcher_event rodinguilauncherevent1420 C:\Users\LempsPC\Desktop\L-CPU\L-CPU.xpr
# Log file: C:/Users/LempsPC/Desktop/L-CPU/vivado.log
# Journal file: C:/Users/LempsPC/Desktop/L-CPU\vivado.jou
#-----------------------------------------------------------
start_gui
open_project C:/Users/LempsPC/Desktop/L-CPU/L-CPU.xpr
Scanning sources...
Finished scanning sources
INFO: [IP_Flow 19-234] Refreshing IP repositories
INFO: [IP_Flow 19-1704] No user IP repositories specified
INFO: [IP_Flow 19-2313] Loaded Vivado IP repository 'C:/Xilinx/Vivado/2017.4/data/ip'.
update_compile_order -fileset sources_1
set_property top L_CPU_tester1 [get_filesets sim_1]
set_property top_lib xil_defaultlib [get_filesets sim_1]
update_compile_order -fileset sim_1
launch_simulation
INFO: [Vivado 12-5682] Launching behavioral simulation in 'C:/Users/LempsPC/Desktop/L-CPU/L-CPU.sim/sim_1/behav/xsim'
INFO: [SIM-utils-51] Simulation object is 'sim_1'
INFO: [SIM-utils-54] Inspecting design source files for 'L_CPU_tester1' in fileset 'sim_1'...
INFO: [USF-XSim-97] Finding global include files...
INFO: [USF-XSim-98] Fetching design files from 'sim_1'...
INFO: [USF-XSim-2] XSim::Compile design
INFO: [USF-XSim-61] Executing 'COMPILE and ANALYZE' step in 'C:/Users/LempsPC/Desktop/L-CPU/L-CPU.sim/sim_1/behav/xsim'
"xvhdl --incr --relax -prj L_CPU_tester1_vhdl.prj"
INFO: [USF-XSim-69] 'compile' step finished in '1' seconds
INFO: [USF-XSim-3] XSim::Elaborate design
INFO: [USF-XSim-61] Executing 'ELABORATE' step in 'C:/Users/LempsPC/Desktop/L-CPU/L-CPU.sim/sim_1/behav/xsim'
Vivado Simulator 2017.4
Copyright 1986-1999, 2001-2016 Xilinx, Inc. All Rights Reserved.
Running: C:/Xilinx/Vivado/2017.4/bin/unwrapped/win64.o/xelab.exe -wto 54bfd1901e08409fa20876b350ea7eb1 --incr --debug typical --relax --mt 2 -L xil_defaultlib -L secureip --snapshot L_CPU_tester1_behav xil_defaultlib.L_CPU_tester1 -log elaborate.log 
Using 2 slave threads.
Starting static elaboration
Completed static elaboration
INFO: [XSIM 43-4323] No Change in HDL. Linking previously generated obj files to create kernel
INFO: [USF-XSim-69] 'elaborate' step finished in '1' seconds
INFO: [USF-XSim-4] XSim::Simulate design
INFO: [USF-XSim-61] Executing 'SIMULATE' step in 'C:/Users/LempsPC/Desktop/L-CPU/L-CPU.sim/sim_1/behav/xsim'
INFO: [USF-XSim-98] *** Running xsim
   with args "L_CPU_tester1_behav -key {Behavioral:sim_1:Functional:L_CPU_tester1} -tclbatch {L_CPU_tester1.tcl} -view {C:/Users/LempsPC/Desktop/L-CPU/L_CPU_tester1_behav.wcfg} -log {simulate.log}"
INFO: [USF-XSim-8] Loading simulator feature
Vivado Simulator 2017.4
Time resolution is 1 ps
open_wave_config C:/Users/LempsPC/Desktop/L-CPU/L_CPU_tester1_behav.wcfg
source L_CPU_tester1.tcl
# set curr_wave [current_wave_config]
# if { [string length $curr_wave] == 0 } {
#   if { [llength [get_objects]] > 0} {
#     add_wave /
#     set_property needs_save false [current_wave_config]
#   } else {
#      send_msg_id Add_Wave-1 WARNING "No top level signals found. Simulator will start without a wave window. If you want to open a wave window go to 'File->New Waveform Configuration' or type 'create_wave_config' in the TCL console."
#   }
# }
# run 1000ns
Stopped at time : 0 fs : File "C:/Users/LempsPC/Desktop/L-CPU/L-CPU.srcs/sources_1/new/Mem.vhd" Line 29
INFO: [USF-XSim-96] XSim completed. Design snapshot 'L_CPU_tester1_behav' loaded.
INFO: [USF-XSim-97] XSim simulation ran for 1000ns
remove_bps -file {C:/Users/LempsPC/Desktop/L-CPU/L-CPU.srcs/sources_1/new/Mem.vhd} -line 29
relaunch_sim
INFO: [Vivado 12-5682] Launching behavioral simulation in 'C:/Users/LempsPC/Desktop/L-CPU/L-CPU.sim/sim_1/behav/xsim'
INFO: [SIM-utils-51] Simulation object is 'sim_1'
INFO: [SIM-utils-54] Inspecting design source files for 'L_CPU_tester1' in fileset 'sim_1'...
INFO: [USF-XSim-97] Finding global include files...
INFO: [USF-XSim-98] Fetching design files from 'sim_1'...
INFO: [USF-XSim-2] XSim::Compile design
INFO: [USF-XSim-61] Executing 'COMPILE and ANALYZE' step in 'C:/Users/LempsPC/Desktop/L-CPU/L-CPU.sim/sim_1/behav/xsim'
"xvhdl --incr --relax -prj L_CPU_tester1_vhdl.prj"
INFO: [USF-XSim-69] 'compile' step finished in '1' seconds
INFO: [Vivado 12-5682] Launching behavioral simulation in 'C:/Users/LempsPC/Desktop/L-CPU/L-CPU.sim/sim_1/behav/xsim'
INFO: [USF-XSim-3] XSim::Elaborate design
INFO: [USF-XSim-61] Executing 'ELABORATE' step in 'C:/Users/LempsPC/Desktop/L-CPU/L-CPU.sim/sim_1/behav/xsim'
Vivado Simulator 2017.4
Copyright 1986-1999, 2001-2016 Xilinx, Inc. All Rights Reserved.
Running: C:/Xilinx/Vivado/2017.4/bin/unwrapped/win64.o/xelab.exe -wto 54bfd1901e08409fa20876b350ea7eb1 --incr --debug typical --relax --mt 2 -L xil_defaultlib -L secureip --snapshot L_CPU_tester1_behav xil_defaultlib.L_CPU_tester1 -log elaborate.log 
Using 2 slave threads.
Starting static elaboration
Completed static elaboration
INFO: [XSIM 43-4323] No Change in HDL. Linking previously generated obj files to create kernel
INFO: [USF-XSim-69] 'elaborate' step finished in '1' seconds
Vivado Simulator 2017.4
Time resolution is 1 ps
relaunch_sim: Time (s): cpu = 00:00:01 ; elapsed = 00:00:07 . Memory (MB): peak = 815.383 ; gain = 0.000
relaunch_sim
INFO: [Vivado 12-5682] Launching behavioral simulation in 'C:/Users/LempsPC/Desktop/L-CPU/L-CPU.sim/sim_1/behav/xsim'
INFO: [SIM-utils-51] Simulation object is 'sim_1'
INFO: [SIM-utils-54] Inspecting design source files for 'L_CPU_tester1' in fileset 'sim_1'...
INFO: [USF-XSim-97] Finding global include files...
INFO: [USF-XSim-98] Fetching design files from 'sim_1'...
INFO: [USF-XSim-2] XSim::Compile design
INFO: [USF-XSim-61] Executing 'COMPILE and ANALYZE' step in 'C:/Users/LempsPC/Desktop/L-CPU/L-CPU.sim/sim_1/behav/xsim'
"xvhdl --incr --relax -prj L_CPU_tester1_vhdl.prj"
INFO: [VRFC 10-163] Analyzing VHDL file "C:/Users/LempsPC/Desktop/L-CPU/L-CPU.srcs/sources_1/new/L_CPU_beh.vhd" into library xil_defaultlib
INFO: [VRFC 10-307] analyzing entity L_CPU
INFO: [USF-XSim-69] 'compile' step finished in '1' seconds
INFO: [Vivado 12-5682] Launching behavioral simulation in 'C:/Users/LempsPC/Desktop/L-CPU/L-CPU.sim/sim_1/behav/xsim'
INFO: [USF-XSim-3] XSim::Elaborate design
INFO: [USF-XSim-61] Executing 'ELABORATE' step in 'C:/Users/LempsPC/Desktop/L-CPU/L-CPU.sim/sim_1/behav/xsim'
Vivado Simulator 2017.4
Copyright 1986-1999, 2001-2016 Xilinx, Inc. All Rights Reserved.
Running: C:/Xilinx/Vivado/2017.4/bin/unwrapped/win64.o/xelab.exe -wto 54bfd1901e08409fa20876b350ea7eb1 --incr --debug typical --relax --mt 2 -L xil_defaultlib -L secureip --snapshot L_CPU_tester1_behav xil_defaultlib.L_CPU_tester1 -log elaborate.log 
Using 2 slave threads.
Starting static elaboration
Completed static elaboration
Starting simulation data flow analysis
Completed simulation data flow analysis
Time Resolution for simulation is 1ps
Compiling package std.standard
Compiling package std.textio
Compiling package ieee.std_logic_1164
Compiling package synopsys.attributes
Compiling package ieee.std_logic_misc
Compiling package ieee.std_logic_arith
Compiling package ieee.std_logic_unsigned
Compiling package ieee.numeric_std
Compiling architecture beh of entity xil_defaultlib.Mem [\Mem(bitwidth=8)\]
Compiling architecture beh of entity xil_defaultlib.L_CPU [l_cpu_default]
Compiling architecture behavioral of entity xil_defaultlib.l_cpu_tester1
Built simulation snapshot L_CPU_tester1_behav

****** Webtalk v2017.4 (64-bit)
  **** SW Build 2086221 on Fri Dec 15 20:55:39 MST 2017
  **** IP Build 2085800 on Fri Dec 15 22:25:07 MST 2017
    ** Copyright 1986-2017 Xilinx, Inc. All Rights Reserved.

source C:/Users/LempsPC/Desktop/L-CPU/L-CPU.sim/sim_1/behav/xsim/xsim.dir/L_CPU_tester1_behav/webtalk/xsim_webtalk.tcl -notrace
INFO: [Common 17-186] 'C:/Users/LempsPC/Desktop/L-CPU/L-CPU.sim/sim_1/behav/xsim/xsim.dir/L_CPU_tester1_behav/webtalk/usage_statistics_ext_xsim.xml' has been successfully sent to Xilinx on Sun Apr 22 13:01:28 2018. For additional details about this file, please refer to the WebTalk help file at C:/Xilinx/Vivado/2017.4/doc/webtalk_introduction.html.
INFO: [Common 17-206] Exiting Webtalk at Sun Apr 22 13:01:28 2018...
INFO: [USF-XSim-69] 'elaborate' step finished in '5' seconds
Vivado Simulator 2017.4
Time resolution is 1 ps
relaunch_sim: Time (s): cpu = 00:00:00 ; elapsed = 00:00:08 . Memory (MB): peak = 902.449 ; gain = 0.000
relaunch_sim
INFO: [Vivado 12-5682] Launching behavioral simulation in 'C:/Users/LempsPC/Desktop/L-CPU/L-CPU.sim/sim_1/behav/xsim'
INFO: [SIM-utils-51] Simulation object is 'sim_1'
INFO: [SIM-utils-54] Inspecting design source files for 'L_CPU_tester1' in fileset 'sim_1'...
INFO: [USF-XSim-97] Finding global include files...
INFO: [USF-XSim-98] Fetching design files from 'sim_1'...
INFO: [USF-XSim-2] XSim::Compile design
INFO: [USF-XSim-61] Executing 'COMPILE and ANALYZE' step in 'C:/Users/LempsPC/Desktop/L-CPU/L-CPU.sim/sim_1/behav/xsim'
"xvhdl --incr --relax -prj L_CPU_tester1_vhdl.prj"
INFO: [VRFC 10-163] Analyzing VHDL file "C:/Users/LempsPC/Desktop/L-CPU/L-CPU.srcs/sources_1/new/L_CPU_beh.vhd" into library xil_defaultlib
INFO: [VRFC 10-307] analyzing entity L_CPU
INFO: [USF-XSim-69] 'compile' step finished in '1' seconds
INFO: [Vivado 12-5682] Launching behavioral simulation in 'C:/Users/LempsPC/Desktop/L-CPU/L-CPU.sim/sim_1/behav/xsim'
INFO: [USF-XSim-3] XSim::Elaborate design
INFO: [USF-XSim-61] Executing 'ELABORATE' step in 'C:/Users/LempsPC/Desktop/L-CPU/L-CPU.sim/sim_1/behav/xsim'
Vivado Simulator 2017.4
Copyright 1986-1999, 2001-2016 Xilinx, Inc. All Rights Reserved.
Running: C:/Xilinx/Vivado/2017.4/bin/unwrapped/win64.o/xelab.exe -wto 54bfd1901e08409fa20876b350ea7eb1 --incr --debug typical --relax --mt 2 -L xil_defaultlib -L secureip --snapshot L_CPU_tester1_behav xil_defaultlib.L_CPU_tester1 -log elaborate.log 
Using 2 slave threads.
Starting static elaboration
Completed static elaboration
Starting simulation data flow analysis
Completed simulation data flow analysis
Time Resolution for simulation is 1ps
Compiling package std.standard
Compiling package std.textio
Compiling package ieee.std_logic_1164
Compiling package synopsys.attributes
Compiling package ieee.std_logic_misc
Compiling package ieee.std_logic_arith
Compiling package ieee.std_logic_unsigned
Compiling package ieee.numeric_std
Compiling architecture beh of entity xil_defaultlib.Mem [\Mem(bitwidth=8)\]
Compiling architecture beh of entity xil_defaultlib.L_CPU [l_cpu_default]
Compiling architecture behavioral of entity xil_defaultlib.l_cpu_tester1
Built simulation snapshot L_CPU_tester1_behav
INFO: [USF-XSim-69] 'elaborate' step finished in '1' seconds
Vivado Simulator 2017.4
Time resolution is 1 ps
relaunch_sim
INFO: [Vivado 12-5682] Launching behavioral simulation in 'C:/Users/LempsPC/Desktop/L-CPU/L-CPU.sim/sim_1/behav/xsim'
INFO: [SIM-utils-51] Simulation object is 'sim_1'
INFO: [SIM-utils-54] Inspecting design source files for 'L_CPU_tester1' in fileset 'sim_1'...
INFO: [USF-XSim-97] Finding global include files...
INFO: [USF-XSim-98] Fetching design files from 'sim_1'...
INFO: [USF-XSim-2] XSim::Compile design
INFO: [USF-XSim-61] Executing 'COMPILE and ANALYZE' step in 'C:/Users/LempsPC/Desktop/L-CPU/L-CPU.sim/sim_1/behav/xsim'
"xvhdl --incr --relax -prj L_CPU_tester1_vhdl.prj"
INFO: [VRFC 10-163] Analyzing VHDL file "C:/Users/LempsPC/Desktop/L-CPU/L-CPU.srcs/sources_1/new/L_CPU_beh.vhd" into library xil_defaultlib
INFO: [VRFC 10-307] analyzing entity L_CPU
INFO: [USF-XSim-69] 'compile' step finished in '1' seconds
INFO: [Vivado 12-5682] Launching behavioral simulation in 'C:/Users/LempsPC/Desktop/L-CPU/L-CPU.sim/sim_1/behav/xsim'
INFO: [USF-XSim-3] XSim::Elaborate design
INFO: [USF-XSim-61] Executing 'ELABORATE' step in 'C:/Users/LempsPC/Desktop/L-CPU/L-CPU.sim/sim_1/behav/xsim'
Vivado Simulator 2017.4
Copyright 1986-1999, 2001-2016 Xilinx, Inc. All Rights Reserved.
Running: C:/Xilinx/Vivado/2017.4/bin/unwrapped/win64.o/xelab.exe -wto 54bfd1901e08409fa20876b350ea7eb1 --incr --debug typical --relax --mt 2 -L xil_defaultlib -L secureip --snapshot L_CPU_tester1_behav xil_defaultlib.L_CPU_tester1 -log elaborate.log 
Using 2 slave threads.
Starting static elaboration
Completed static elaboration
Starting simulation data flow analysis
Completed simulation data flow analysis
Time Resolution for simulation is 1ps
Compiling package std.standard
Compiling package std.textio
Compiling package ieee.std_logic_1164
Compiling package synopsys.attributes
Compiling package ieee.std_logic_misc
Compiling package ieee.std_logic_arith
Compiling package ieee.std_logic_unsigned
Compiling package ieee.numeric_std
Compiling architecture beh of entity xil_defaultlib.Mem [\Mem(bitwidth=8)\]
Compiling architecture beh of entity xil_defaultlib.L_CPU [l_cpu_default]
Compiling architecture behavioral of entity xil_defaultlib.l_cpu_tester1
Built simulation snapshot L_CPU_tester1_behav
INFO: [USF-XSim-69] 'elaborate' step finished in '1' seconds
Vivado Simulator 2017.4
Time resolution is 1 ps
relaunch_sim
INFO: [Vivado 12-5682] Launching behavioral simulation in 'C:/Users/LempsPC/Desktop/L-CPU/L-CPU.sim/sim_1/behav/xsim'
INFO: [SIM-utils-51] Simulation object is 'sim_1'
INFO: [SIM-utils-54] Inspecting design source files for 'L_CPU_tester1' in fileset 'sim_1'...
INFO: [USF-XSim-97] Finding global include files...
INFO: [USF-XSim-98] Fetching design files from 'sim_1'...
INFO: [USF-XSim-2] XSim::Compile design
INFO: [USF-XSim-61] Executing 'COMPILE and ANALYZE' step in 'C:/Users/LempsPC/Desktop/L-CPU/L-CPU.sim/sim_1/behav/xsim'
"xvhdl --incr --relax -prj L_CPU_tester1_vhdl.prj"
INFO: [VRFC 10-163] Analyzing VHDL file "C:/Users/LempsPC/Desktop/L-CPU/L-CPU.srcs/sources_1/new/L_CPU_beh.vhd" into library xil_defaultlib
INFO: [VRFC 10-307] analyzing entity L_CPU
INFO: [USF-XSim-69] 'compile' step finished in '1' seconds
INFO: [Vivado 12-5682] Launching behavioral simulation in 'C:/Users/LempsPC/Desktop/L-CPU/L-CPU.sim/sim_1/behav/xsim'
INFO: [USF-XSim-3] XSim::Elaborate design
INFO: [USF-XSim-61] Executing 'ELABORATE' step in 'C:/Users/LempsPC/Desktop/L-CPU/L-CPU.sim/sim_1/behav/xsim'
Vivado Simulator 2017.4
Copyright 1986-1999, 2001-2016 Xilinx, Inc. All Rights Reserved.
Running: C:/Xilinx/Vivado/2017.4/bin/unwrapped/win64.o/xelab.exe -wto 54bfd1901e08409fa20876b350ea7eb1 --incr --debug typical --relax --mt 2 -L xil_defaultlib -L secureip --snapshot L_CPU_tester1_behav xil_defaultlib.L_CPU_tester1 -log elaborate.log 
Using 2 slave threads.
Starting static elaboration
Completed static elaboration
Starting simulation data flow analysis
Completed simulation data flow analysis
Time Resolution for simulation is 1ps
Compiling package std.standard
Compiling package std.textio
Compiling package ieee.std_logic_1164
Compiling package synopsys.attributes
Compiling package ieee.std_logic_misc
Compiling package ieee.std_logic_arith
Compiling package ieee.std_logic_unsigned
Compiling package ieee.numeric_std
Compiling architecture beh of entity xil_defaultlib.Mem [\Mem(bitwidth=8)\]
Compiling architecture beh of entity xil_defaultlib.L_CPU [l_cpu_default]
Compiling architecture behavioral of entity xil_defaultlib.l_cpu_tester1
Built simulation snapshot L_CPU_tester1_behav
INFO: [USF-XSim-69] 'elaborate' step finished in '1' seconds
Vivado Simulator 2017.4
Time resolution is 1 ps
relaunch_sim
INFO: [Vivado 12-5682] Launching behavioral simulation in 'C:/Users/LempsPC/Desktop/L-CPU/L-CPU.sim/sim_1/behav/xsim'
INFO: [SIM-utils-51] Simulation object is 'sim_1'
INFO: [SIM-utils-54] Inspecting design source files for 'L_CPU_tester1' in fileset 'sim_1'...
INFO: [USF-XSim-97] Finding global include files...
INFO: [USF-XSim-98] Fetching design files from 'sim_1'...
INFO: [USF-XSim-2] XSim::Compile design
INFO: [USF-XSim-61] Executing 'COMPILE and ANALYZE' step in 'C:/Users/LempsPC/Desktop/L-CPU/L-CPU.sim/sim_1/behav/xsim'
"xvhdl --incr --relax -prj L_CPU_tester1_vhdl.prj"
INFO: [VRFC 10-163] Analyzing VHDL file "C:/Users/LempsPC/Desktop/L-CPU/L-CPU.srcs/sources_1/new/L_CPU_beh.vhd" into library xil_defaultlib
INFO: [VRFC 10-307] analyzing entity L_CPU
INFO: [USF-XSim-69] 'compile' step finished in '1' seconds
INFO: [Vivado 12-5682] Launching behavioral simulation in 'C:/Users/LempsPC/Desktop/L-CPU/L-CPU.sim/sim_1/behav/xsim'
INFO: [USF-XSim-3] XSim::Elaborate design
INFO: [USF-XSim-61] Executing 'ELABORATE' step in 'C:/Users/LempsPC/Desktop/L-CPU/L-CPU.sim/sim_1/behav/xsim'
Vivado Simulator 2017.4
Copyright 1986-1999, 2001-2016 Xilinx, Inc. All Rights Reserved.
Running: C:/Xilinx/Vivado/2017.4/bin/unwrapped/win64.o/xelab.exe -wto 54bfd1901e08409fa20876b350ea7eb1 --incr --debug typical --relax --mt 2 -L xil_defaultlib -L secureip --snapshot L_CPU_tester1_behav xil_defaultlib.L_CPU_tester1 -log elaborate.log 
Using 2 slave threads.
Starting static elaboration
Completed static elaboration
Starting simulation data flow analysis
Completed simulation data flow analysis
Time Resolution for simulation is 1ps
Compiling package std.standard
Compiling package std.textio
Compiling package ieee.std_logic_1164
Compiling package synopsys.attributes
Compiling package ieee.std_logic_misc
Compiling package ieee.std_logic_arith
Compiling package ieee.std_logic_unsigned
Compiling package ieee.numeric_std
Compiling architecture beh of entity xil_defaultlib.Mem [\Mem(bitwidth=8)\]
Compiling architecture beh of entity xil_defaultlib.L_CPU [l_cpu_default]
Compiling architecture behavioral of entity xil_defaultlib.l_cpu_tester1
Built simulation snapshot L_CPU_tester1_behav
INFO: [USF-XSim-69] 'elaborate' step finished in '1' seconds
Vivado Simulator 2017.4
Time resolution is 1 ps
save_wave_config {C:/Users/LempsPC/Desktop/L-CPU/L_CPU_tester1_behav.wcfg}
